<?xml version="1.0" encoding="UTF-8"?>
<!-- Generated by org.testng.reporters.JUnitXMLReporter -->
<testsuite ignored="0" hostname="SamsungLaptop" failures="1" tests="1" name="edgeTest" time="10.201" errors="0" timestamp="2025-06-26T20:17:19 PDT">
  <testcase classname="testCases.TC001_AccountRegistrationTest" name="verify_account_reqistration" time="6.792">
    <failure type="java.lang.AssertionError" message="null">
      <![CDATA[java.lang.AssertionError: null
at testCases.TC001_AccountRegistrationTest.verify_account_reqistration(TC001_AccountRegistrationTest.java:65)
at java.base/java.util.ArrayList.forEach(ArrayList.java:1597)
... Removed 27 stack frames]]>
    </failure>
  </testcase> <!-- verify_account_reqistration -->
</testsuite> <!-- edgeTest -->
